Number of particles: 4800
Particles per meter: 204
Smoothing length: 0.00830882
Particles Mass: 0.00011779
Grid size: 15 x 21 x 15
Number of blocks: 4725
Block size: 0.00866667 x 0.00857143 x 0.00866667

 Performance counter stats for 'build/fluid/fluid 250 res/small.fld res/small-temp.fld':

            552,66 msec task-clock                #    0,809 CPUs utilized          
                24      context-switches          #    0,043 K/sec                  
                 0      cpu-migrations            #    0,000 K/sec                  
               938      page-faults               #    0,002 M/sec                  
     1.570.743.924      cycles                    #    2,842 GHz                    
     3.104.319.833      instructions              #    1,98  insn per cycle         
       477.168.875      branches                  #  863,406 M/sec                  
        17.858.593      branch-misses             #    3,74% of all branches        

       0,683381619 seconds time elapsed

       0,550641000 seconds user
       0,003990000 seconds sys


Number of particles: 4800
Particles per meter: 204
Smoothing length: 0.00830882
Particles Mass: 0.00011779
Grid size: 15 x 21 x 15
Number of blocks: 4725
Block size: 0.00866667 x 0.00857143 x 0.00866667

 Performance counter stats for 'build/fluid/fluid 500 res/small.fld res/small-temp.fld':

            982,76 msec task-clock                #    0,972 CPUs utilized          
                11      context-switches          #    0,011 K/sec                  
                 0      cpu-migrations            #    0,000 K/sec                  
               943      page-faults               #    0,960 K/sec                  
     3.110.984.007      cycles                    #    3,166 GHz                    
     6.168.498.584      instructions              #    1,98  insn per cycle         
       948.043.579      branches                  #  964,673 M/sec                  
        35.369.758      branch-misses             #    3,73% of all branches        

       1,011009539 seconds time elapsed

       0,979425000 seconds user
       0,003997000 seconds sys


Number of particles: 4800
Particles per meter: 204
Smoothing length: 0.00830882
Particles Mass: 0.00011779
Grid size: 15 x 21 x 15
Number of blocks: 4725
Block size: 0.00866667 x 0.00857143 x 0.00866667

 Performance counter stats for 'build/fluid/fluid 750 res/small.fld res/small-temp.fld':

          1.463,23 msec task-clock                #    0,982 CPUs utilized          
                16      context-switches          #    0,011 K/sec                  
                 0      cpu-migrations            #    0,000 K/sec                  
               941      page-faults               #    0,643 K/sec                  
     4.643.311.468      cycles                    #    3,173 GHz                    
     9.242.167.126      instructions              #    1,99  insn per cycle         
     1.419.873.187      branches                  #  970,372 M/sec                  
        52.729.848      branch-misses             #    3,71% of all branches        

       1,490440801 seconds time elapsed

       1,463896000 seconds user
       0,000000000 seconds sys


Number of particles: 4800
Particles per meter: 204
Smoothing length: 0.00830882
Particles Mass: 0.00011779
Grid size: 15 x 21 x 15
Number of blocks: 4725
Block size: 0.00866667 x 0.00857143 x 0.00866667

 Performance counter stats for 'build/fluid/fluid 1000 res/small.fld res/small-temp.fld':

          1.945,18 msec task-clock                #    0,986 CPUs utilized          
                13      context-switches          #    0,007 K/sec                  
                 0      cpu-migrations            #    0,000 K/sec                  
               937      page-faults               #    0,482 K/sec                  
     6.185.149.386      cycles                    #    3,180 GHz                    
    12.313.081.744      instructions              #    1,99  insn per cycle         
     1.891.345.457      branches                  #  972,323 M/sec                  
        70.154.848      branch-misses             #    3,71% of all branches        

       1,972208569 seconds time elapsed

       1,945845000 seconds user
       0,000000000 seconds sys


Number of particles: 4800
Particles per meter: 204
Smoothing length: 0.00830882
Particles Mass: 0.00011779
Grid size: 15 x 21 x 15
Number of blocks: 4725
Block size: 0.00866667 x 0.00857143 x 0.00866667

 Performance counter stats for 'build/fluid/fluid 1250 res/small.fld res/small-temp.fld':

          2.426,13 msec task-clock                #    0,989 CPUs utilized          
                16      context-switches          #    0,007 K/sec                  
                 0      cpu-migrations            #    0,000 K/sec                  
               939      page-faults               #    0,387 K/sec                  
     7.720.713.223      cycles                    #    3,182 GHz                    
    15.388.268.814      instructions              #    1,99  insn per cycle         
     2.363.237.598      branches                  #  974,077 M/sec                  
        87.569.545      branch-misses             #    3,71% of all branches        

       2,453468463 seconds time elapsed

       2,426823000 seconds user
       0,000000000 seconds sys


Number of particles: 4800
Particles per meter: 204
Smoothing length: 0.00830882
Particles Mass: 0.00011779
Grid size: 15 x 21 x 15
Number of blocks: 4725
Block size: 0.00866667 x 0.00857143 x 0.00866667

 Performance counter stats for 'build/fluid/fluid 1500 res/small.fld res/small-temp.fld':

          2.912,26 msec task-clock                #    0,991 CPUs utilized          
                20      context-switches          #    0,007 K/sec                  
                 2      cpu-migrations            #    0,001 K/sec                  
               936      page-faults               #    0,321 K/sec                  
     9.257.743.174      cycles                    #    3,179 GHz                    
    18.437.118.397      instructions              #    1,99  insn per cycle         
     2.832.195.308      branches                  #  972,508 M/sec                  
       105.164.835      branch-misses             #    3,71% of all branches        

       2,938937983 seconds time elapsed

       2,912925000 seconds user
       0,000000000 seconds sys


Number of particles: 4800
Particles per meter: 204
Smoothing length: 0.00830882
Particles Mass: 0.00011779
Grid size: 15 x 21 x 15
Number of blocks: 4725
Block size: 0.00866667 x 0.00857143 x 0.00866667

 Performance counter stats for 'build/fluid/fluid 1750 res/small.fld res/small-temp.fld':

          3.393,84 msec task-clock                #    0,992 CPUs utilized          
                20      context-switches          #    0,006 K/sec                  
                 2      cpu-migrations            #    0,001 K/sec                  
               943      page-faults               #    0,278 K/sec                  
    10.798.130.210      cycles                    #    3,182 GHz                    
    21.502.697.469      instructions              #    1,99  insn per cycle         
     3.303.086.952      branches                  #  973,259 M/sec                  
       122.395.004      branch-misses             #    3,71% of all branches        

       3,422500502 seconds time elapsed

       3,390511000 seconds user
       0,003998000 seconds sys


Number of particles: 4800
Particles per meter: 204
Smoothing length: 0.00830882
Particles Mass: 0.00011779
Grid size: 15 x 21 x 15
Number of blocks: 4725
Block size: 0.00866667 x 0.00857143 x 0.00866667

 Performance counter stats for 'build/fluid/fluid 2000 res/small.fld res/small-temp.fld':

          3.868,79 msec task-clock                #    0,993 CPUs utilized          
                28      context-switches          #    0,007 K/sec                  
                 0      cpu-migrations            #    0,000 K/sec                  
               942      page-faults               #    0,243 K/sec                  
    12.325.080.214      cycles                    #    3,186 GHz                    
    24.550.184.581      instructions              #    1,99  insn per cycle         
     3.771.841.598      branches                  #  974,941 M/sec                  
       139.959.066      branch-misses             #    3,71% of all branches        

       3,896529321 seconds time elapsed

       3,861459000 seconds user
       0,007994000 seconds sys


Number of particles: 4800
Particles per meter: 204
Smoothing length: 0.00830882
Particles Mass: 0.00011779
Grid size: 15 x 21 x 15
Number of blocks: 4725
Block size: 0.00866667 x 0.00857143 x 0.00866667

 Performance counter stats for 'build/fluid/fluid 2250 res/small.fld res/small-temp.fld':

          4.355,34 msec task-clock                #    0,994 CPUs utilized          
                30      context-switches          #    0,007 K/sec                  
                 0      cpu-migrations            #    0,000 K/sec                  
               942      page-faults               #    0,216 K/sec                  
    13.871.271.792      cycles                    #    3,185 GHz                    
    27.628.493.829      instructions              #    1,99  insn per cycle         
     4.244.198.152      branches                  #  974,481 M/sec                  
       157.121.256      branch-misses             #    3,70% of all branches        

       4,381628688 seconds time elapsed

       4,348023000 seconds user
       0,007992000 seconds sys


Number of particles: 4800
Particles per meter: 204
Smoothing length: 0.00830882
Particles Mass: 0.00011779
Grid size: 15 x 21 x 15
Number of blocks: 4725
Block size: 0.00866667 x 0.00857143 x 0.00866667

 Performance counter stats for 'build/fluid/fluid 2500 res/small.fld res/small-temp.fld':

          4.838,66 msec task-clock                #    0,994 CPUs utilized          
                30      context-switches          #    0,006 K/sec                  
                 0      cpu-migrations            #    0,000 K/sec                  
               936      page-faults               #    0,193 K/sec                  
    15.400.189.485      cycles                    #    3,183 GHz                    
    30.683.625.742      instructions              #    1,99  insn per cycle         
     4.713.805.030      branches                  #  974,196 M/sec                  
       174.804.753      branch-misses             #    3,71% of all branches        

       4,865690007 seconds time elapsed

       4,839398000 seconds user
       0,000000000 seconds sys


Number of particles: 4800
Particles per meter: 204
Smoothing length: 0.00830882
Particles Mass: 0.00011779
Grid size: 15 x 21 x 15
Number of blocks: 4725
Block size: 0.00866667 x 0.00857143 x 0.00866667

 Performance counter stats for 'system wide':

              2,22 Joules energy-cores                                                
              0,00 Joules  energy-gpu                                                 
              4,74 Joules energy-pkg                                                  
              1,26 Joules energy-ram                                                  

       0,522896408 seconds time elapsed

Number of particles: 4800
Particles per meter: 204
Smoothing length: 0.00830882
Particles Mass: 0.00011779
Grid size: 15 x 21 x 15
Number of blocks: 4725
Block size: 0.00866667 x 0.00857143 x 0.00866667

 Performance counter stats for 'system wide':

              4,41 Joules energy-cores                                                
              0,00 Joules  energy-gpu                                                 
              9,34 Joules energy-pkg                                                  
              2,42 Joules energy-ram                                                  

       1,004939081 seconds time elapsed

Number of particles: 4800
Particles per meter: 204
Smoothing length: 0.00830882
Particles Mass: 0.00011779
Grid size: 15 x 21 x 15
Number of blocks: 4725
Block size: 0.00866667 x 0.00857143 x 0.00866667

 Performance counter stats for 'system wide':

              6,57 Joules energy-cores                                                
              0,00 Joules  energy-gpu                                                 
             13,87 Joules energy-pkg                                                  
              3,59 Joules energy-ram                                                  

       1,487011262 seconds time elapsed

Number of particles: 4800
Particles per meter: 204
Smoothing length: 0.00830882
Particles Mass: 0.00011779
Grid size: 15 x 21 x 15
Number of blocks: 4725
Block size: 0.00866667 x 0.00857143 x 0.00866667

 Performance counter stats for 'system wide':

              8,73 Joules energy-cores                                                
              0,00 Joules  energy-gpu                                                 
             18,43 Joules energy-pkg                                                  
              4,76 Joules energy-ram                                                  

       1,971695281 seconds time elapsed

Number of particles: 4800
Particles per meter: 204
Smoothing length: 0.00830882
Particles Mass: 0.00011779
Grid size: 15 x 21 x 15
Number of blocks: 4725
Block size: 0.00866667 x 0.00857143 x 0.00866667

 Performance counter stats for 'system wide':

             10,90 Joules energy-cores                                                
              0,00 Joules  energy-gpu                                                 
             22,96 Joules energy-pkg                                                  
              5,91 Joules energy-ram                                                  

       2,447376603 seconds time elapsed

Number of particles: 4800
Particles per meter: 204
Smoothing length: 0.00830882
Particles Mass: 0.00011779
Grid size: 15 x 21 x 15
Number of blocks: 4725
Block size: 0.00866667 x 0.00857143 x 0.00866667

 Performance counter stats for 'system wide':

             13,09 Joules energy-cores                                                
              0,00 Joules  energy-gpu                                                 
             27,56 Joules energy-pkg                                                  
              7,08 Joules energy-ram                                                  

       2,933375610 seconds time elapsed

Number of particles: 4800
Particles per meter: 204
Smoothing length: 0.00830882
Particles Mass: 0.00011779
Grid size: 15 x 21 x 15
Number of blocks: 4725
Block size: 0.00866667 x 0.00857143 x 0.00866667

 Performance counter stats for 'system wide':

             15,34 Joules energy-cores                                                
              0,00 Joules  energy-gpu                                                 
             32,16 Joules energy-pkg                                                  
              8,22 Joules energy-ram                                                  

       3,409169771 seconds time elapsed

Number of particles: 4800
Particles per meter: 204
Smoothing length: 0.00830882
Particles Mass: 0.00011779
Grid size: 15 x 21 x 15
Number of blocks: 4725
Block size: 0.00866667 x 0.00857143 x 0.00866667

 Performance counter stats for 'system wide':

             17,57 Joules energy-cores                                                
              0,00 Joules  energy-gpu                                                 
             36,83 Joules energy-pkg                                                  
              9,40 Joules energy-ram                                                  

       3,890915964 seconds time elapsed

Number of particles: 4800
Particles per meter: 204
Smoothing length: 0.00830882
Particles Mass: 0.00011779
Grid size: 15 x 21 x 15
Number of blocks: 4725
Block size: 0.00866667 x 0.00857143 x 0.00866667

 Performance counter stats for 'system wide':

             19,64 Joules energy-cores                                                
              0,00 Joules  energy-gpu                                                 
             41,26 Joules energy-pkg                                                  
             10,56 Joules energy-ram                                                  

       4,369497576 seconds time elapsed

Number of particles: 4800
Particles per meter: 204
Smoothing length: 0.00830882
Particles Mass: 0.00011779
Grid size: 15 x 21 x 15
Number of blocks: 4725
Block size: 0.00866667 x 0.00857143 x 0.00866667

 Performance counter stats for 'system wide':

             21,82 Joules energy-cores                                                
              0,00 Joules  energy-gpu                                                 
             45,85 Joules energy-pkg                                                  
             11,74 Joules energy-ram                                                  

       4,855889089 seconds time elapsed

