Number of particles: 4800
Particles per meter: 204
Smoothing length: 0.00830882
Particles Mass: 0.00011779
Grid size: 15 x 21 x 15
Number of blocks: 4725
Block size: 0.00866667 x 0.00857143 x 0.00866667

 Performance counter stats for 'build/fluid/fluid 250 res/small.fld res/small-temp.fld':

            490,98 msec task-clock                #    0,912 CPUs utilized          
                19      context-switches          #    0,039 K/sec                  
                 0      cpu-migrations            #    0,000 K/sec                  
               940      page-faults               #    0,002 M/sec                  
     1.565.365.702      cycles                    #    3,188 GHz                    
     3.103.551.769      instructions              #    1,98  insn per cycle         
       477.012.660      branches                  #  971,546 M/sec                  
        17.876.937      branch-misses             #    3,75% of all branches        

       0,538117617 seconds time elapsed

       0,491905000 seconds user
       0,000000000 seconds sys


Number of particles: 4800
Particles per meter: 204
Smoothing length: 0.00830882
Particles Mass: 0.00011779
Grid size: 15 x 21 x 15
Number of blocks: 4725
Block size: 0.00866667 x 0.00857143 x 0.00866667

 Performance counter stats for 'build/fluid/fluid 500 res/small.fld res/small-temp.fld':

            977,65 msec task-clock                #    0,973 CPUs utilized          
                10      context-switches          #    0,010 K/sec                  
                 0      cpu-migrations            #    0,000 K/sec                  
               941      page-faults               #    0,963 K/sec                  
     3.101.508.837      cycles                    #    3,172 GHz                    
     6.168.371.646      instructions              #    1,99  insn per cycle         
       948.023.497      branches                  #  969,696 M/sec                  
        35.301.824      branch-misses             #    3,72% of all branches        

       1,004381589 seconds time elapsed

       0,970349000 seconds user
       0,007953000 seconds sys


Number of particles: 4800
Particles per meter: 204
Smoothing length: 0.00830882
Particles Mass: 0.00011779
Grid size: 15 x 21 x 15
Number of blocks: 4725
Block size: 0.00866667 x 0.00857143 x 0.00866667

 Performance counter stats for 'build/fluid/fluid 750 res/small.fld res/small-temp.fld':

          1.457,30 msec task-clock                #    0,983 CPUs utilized          
                14      context-switches          #    0,010 K/sec                  
                 0      cpu-migrations            #    0,000 K/sec                  
               940      page-faults               #    0,645 K/sec                  
     4.643.811.927      cycles                    #    3,187 GHz                    
     9.242.109.563      instructions              #    1,99  insn per cycle         
     1.419.859.093      branches                  #  974,307 M/sec                  
        52.852.560      branch-misses             #    3,72% of all branches        

       1,482832263 seconds time elapsed

       1,453901000 seconds user
       0,003994000 seconds sys


Number of particles: 4800
Particles per meter: 204
Smoothing length: 0.00830882
Particles Mass: 0.00011779
Grid size: 15 x 21 x 15
Number of blocks: 4725
Block size: 0.00866667 x 0.00857143 x 0.00866667

 Performance counter stats for 'build/fluid/fluid 1000 res/small.fld res/small-temp.fld':

          1.940,88 msec task-clock                #    0,987 CPUs utilized          
                15      context-switches          #    0,008 K/sec                  
                 1      cpu-migrations            #    0,001 K/sec                  
               942      page-faults               #    0,485 K/sec                  
     6.169.816.490      cycles                    #    3,179 GHz                    
    12.313.289.091      instructions              #    2,00  insn per cycle         
     1.891.383.600      branches                  #  974,500 M/sec                  
        70.283.243      branch-misses             #    3,72% of all branches        

       1,966623079 seconds time elapsed

       1,937517000 seconds user
       0,003994000 seconds sys


Number of particles: 4800
Particles per meter: 204
Smoothing length: 0.00830882
Particles Mass: 0.00011779
Grid size: 15 x 21 x 15
Number of blocks: 4725
Block size: 0.00866667 x 0.00857143 x 0.00866667

 Performance counter stats for 'build/fluid/fluid 1500 res/small.fld res/small-temp.fld':

          2.903,81 msec task-clock                #    0,991 CPUs utilized          
                23      context-switches          #    0,008 K/sec                  
                 0      cpu-migrations            #    0,000 K/sec                  
               936      page-faults               #    0,322 K/sec                  
     9.242.643.211      cycles                    #    3,183 GHz                    
    18.437.155.012      instructions              #    1,99  insn per cycle         
     2.832.199.128      branches                  #  975,338 M/sec                  
       105.017.159      branch-misses             #    3,71% of all branches        

       2,929302582 seconds time elapsed

       2,900394000 seconds user
       0,004000000 seconds sys


Number of particles: 4800
Particles per meter: 204
Smoothing length: 0.00830882
Particles Mass: 0.00011779
Grid size: 15 x 21 x 15
Number of blocks: 4725
Block size: 0.00866667 x 0.00857143 x 0.00866667

 Performance counter stats for 'build/fluid/fluid 2000 res/small.fld res/small-temp.fld':

          3.864,90 msec task-clock                #    0,993 CPUs utilized          
                26      context-switches          #    0,007 K/sec                  
                 0      cpu-migrations            #    0,000 K/sec                  
               937      page-faults               #    0,242 K/sec                  
    12.306.150.572      cycles                    #    3,184 GHz                    
    24.550.203.318      instructions              #    1,99  insn per cycle         
     3.771.838.289      branches                  #  975,922 M/sec                  
       140.157.257      branch-misses             #    3,72% of all branches        

       3,890435813 seconds time elapsed

       3,861535000 seconds user
       0,004001000 seconds sys


Number of particles: 4800
Particles per meter: 204
Smoothing length: 0.00830882
Particles Mass: 0.00011779
Grid size: 15 x 21 x 15
Number of blocks: 4725
Block size: 0.00866667 x 0.00857143 x 0.00866667

 Performance counter stats for 'build/fluid/fluid 2500 res/small.fld res/small-temp.fld':

          4.840,35 msec task-clock                #    0,995 CPUs utilized          
                29      context-switches          #    0,006 K/sec                  
                 0      cpu-migrations            #    0,000 K/sec                  
               942      page-faults               #    0,195 K/sec                  
    15.403.796.549      cycles                    #    3,182 GHz                    
    30.683.712.828      instructions              #    1,99  insn per cycle         
     4.713.812.185      branches                  #  973,857 M/sec                  
       174.545.796      branch-misses             #    3,70% of all branches        

       4,866712504 seconds time elapsed

       4,828964000 seconds user
       0,011992000 seconds sys


Number of particles: 4800
Particles per meter: 204
Smoothing length: 0.00830882
Particles Mass: 0.00011779
Grid size: 15 x 21 x 15
Number of blocks: 4725
Block size: 0.00866667 x 0.00857143 x 0.00866667

 Performance counter stats for 'system wide':

              2,29 Joules energy-cores                                                
              0,00 Joules  energy-gpu                                                 
              4,90 Joules energy-pkg                                                  
              1,25 Joules energy-ram                                                  

       0,519188264 seconds time elapsed

Number of particles: 4800
Particles per meter: 204
Smoothing length: 0.00830882
Particles Mass: 0.00011779
Grid size: 15 x 21 x 15
Number of blocks: 4725
Block size: 0.00866667 x 0.00857143 x 0.00866667

 Performance counter stats for 'system wide':

              4,53 Joules energy-cores                                                
              0,00 Joules  energy-gpu                                                 
              9,64 Joules energy-pkg                                                  
              2,42 Joules energy-ram                                                  

       1,003093994 seconds time elapsed

Number of particles: 4800
Particles per meter: 204
Smoothing length: 0.00830882
Particles Mass: 0.00011779
Grid size: 15 x 21 x 15
Number of blocks: 4725
Block size: 0.00866667 x 0.00857143 x 0.00866667

 Performance counter stats for 'system wide':

              6,75 Joules energy-cores                                                
              0,00 Joules  energy-gpu                                                 
             14,32 Joules energy-pkg                                                  
              3,58 Joules energy-ram                                                  

       1,484860463 seconds time elapsed

Number of particles: 4800
Particles per meter: 204
Smoothing length: 0.00830882
Particles Mass: 0.00011779
Grid size: 15 x 21 x 15
Number of blocks: 4725
Block size: 0.00866667 x 0.00857143 x 0.00866667

 Performance counter stats for 'system wide':

              9,01 Joules energy-cores                                                
              0,00 Joules  energy-gpu                                                 
             19,06 Joules energy-pkg                                                  
              4,75 Joules energy-ram                                                  

       1,967805425 seconds time elapsed

Number of particles: 4800
Particles per meter: 204
Smoothing length: 0.00830882
Particles Mass: 0.00011779
Grid size: 15 x 21 x 15
Number of blocks: 4725
Block size: 0.00866667 x 0.00857143 x 0.00866667

 Performance counter stats for 'system wide':

             13,44 Joules energy-cores                                                
              0,00 Joules  energy-gpu                                                 
             28,41 Joules energy-pkg                                                  
              7,06 Joules energy-ram                                                  

       2,929568312 seconds time elapsed

Number of particles: 4800
Particles per meter: 204
Smoothing length: 0.00830882
Particles Mass: 0.00011779
Grid size: 15 x 21 x 15
Number of blocks: 4725
Block size: 0.00866667 x 0.00857143 x 0.00866667

 Performance counter stats for 'system wide':

             17,98 Joules energy-cores                                                
              0,00 Joules  energy-gpu                                                 
             37,88 Joules energy-pkg                                                  
              9,38 Joules energy-ram                                                  

       3,884943315 seconds time elapsed

Number of particles: 4800
Particles per meter: 204
Smoothing length: 0.00830882
Particles Mass: 0.00011779
Grid size: 15 x 21 x 15
Number of blocks: 4725
Block size: 0.00866667 x 0.00857143 x 0.00866667

 Performance counter stats for 'system wide':

             22,43 Joules energy-cores                                                
              0,00 Joules  energy-gpu                                                 
             47,29 Joules energy-pkg                                                  
             11,72 Joules energy-ram                                                  

       4,854644738 seconds time elapsed

