Media de tiempo en 200 ejecuciones
build/fluid/fluid: Violación de segmento
build/fluid/fluid: Violación de segmento
build/fluid/fluid: Violación de segmento
build/fluid/fluid: Violación de segmento
build/fluid/fluid: Violación de segmento
build/fluid/fluid: Violación de segmento
build/fluid/fluid: Violación de segmento
build/fluid/fluid: Violación de segmento
build/fluid/fluid: Violación de segmento
build/fluid/fluid: Violación de segmento
build/fluid/fluid: Violación de segmento
build/fluid/fluid: Violación de segmento
build/fluid/fluid: Violación de segmento
build/fluid/fluid: Violación de segmento
build/fluid/fluid: Violación de segmento
build/fluid/fluid: Violación de segmento
build/fluid/fluid: Violación de segmento
build/fluid/fluid: Violación de segmento
build/fluid/fluid: Violación de segmento
build/fluid/fluid: Violación de segmento
build/fluid/fluid: Violación de segmento
build/fluid/fluid: Violación de segmento
build/fluid/fluid: Violación de segmento
build/fluid/fluid: Violación de segmento
build/fluid/fluid: Violación de segmento
build/fluid/fluid: Violación de segmento
build/fluid/fluid: Violación de segmento
build/fluid/fluid: Violación de segmento
build/fluid/fluid: Violación de segmento
build/fluid/fluid: Violación de segmento
build/fluid/fluid: Violación de segmento
build/fluid/fluid: Violación de segmento
build/fluid/fluid: Violación de segmento
build/fluid/fluid: Violación de segmento
build/fluid/fluid: Violación de segmento
build/fluid/fluid: Violación de segmento
build/fluid/fluid: Violación de segmento
build/fluid/fluid: Violación de segmento
build/fluid/fluid: Violación de segmento
build/fluid/fluid: Violación de segmento
build/fluid/fluid: Violación de segmento
build/fluid/fluid: Violación de segmento
build/fluid/fluid: Violación de segmento
build/fluid/fluid: Violación de segmento
build/fluid/fluid: Violación de segmento
build/fluid/fluid: Violación de segmento
build/fluid/fluid: Violación de segmento
build/fluid/fluid: Violación de segmento
build/fluid/fluid: Violación de segmento
build/fluid/fluid: Violación de segmento
build/fluid/fluid: Violación de segmento
build/fluid/fluid: Violación de segmento
build/fluid/fluid: Violación de segmento
build/fluid/fluid: Violación de segmento
build/fluid/fluid: Violación de segmento
build/fluid/fluid: Violación de segmento
build/fluid/fluid: Violación de segmento
build/fluid/fluid: Violación de segmento
build/fluid/fluid: Violación de segmento
build/fluid/fluid: Violación de segmento
build/fluid/fluid: Violación de segmento
build/fluid/fluid: Violación de segmento
build/fluid/fluid: Violación de segmento
build/fluid/fluid: Violación de segmento
build/fluid/fluid: Violación de segmento
build/fluid/fluid: Violación de segmento
build/fluid/fluid: Violación de segmento
build/fluid/fluid: Violación de segmento
build/fluid/fluid: Violación de segmento
build/fluid/fluid: Violación de segmento
build/fluid/fluid: Violación de segmento
build/fluid/fluid: Violación de segmento
build/fluid/fluid: Violación de segmento
build/fluid/fluid: Violación de segmento
build/fluid/fluid: Violación de segmento
build/fluid/fluid: Violación de segmento
build/fluid/fluid: Violación de segmento
build/fluid/fluid: Violación de segmento
build/fluid/fluid: Violación de segmento
build/fluid/fluid: Violación de segmento
build/fluid/fluid: Violación de segmento
build/fluid/fluid: Violación de segmento
build/fluid/fluid: Violación de segmento
build/fluid/fluid: Violación de segmento
build/fluid/fluid: Violación de segmento
build/fluid/fluid: Violación de segmento
build/fluid/fluid: Violación de segmento
build/fluid/fluid: Violación de segmento
build/fluid/fluid: Violación de segmento
build/fluid/fluid: Violación de segmento
build/fluid/fluid: Violación de segmento
build/fluid/fluid: Violación de segmento
build/fluid/fluid: Violación de segmento
build/fluid/fluid: Violación de segmento
build/fluid/fluid: Violación de segmento
build/fluid/fluid: Violación de segmento
build/fluid/fluid: Violación de segmento
build/fluid/fluid: Violación de segmento
build/fluid/fluid: Violación de segmento
build/fluid/fluid: Violación de segmento
build/fluid/fluid: Violación de segmento
build/fluid/fluid: Violación de segmento
build/fluid/fluid: Violación de segmento
build/fluid/fluid: Violación de segmento
build/fluid/fluid: Violación de segmento
build/fluid/fluid: Violación de segmento
build/fluid/fluid: Violación de segmento
build/fluid/fluid: Violación de segmento
build/fluid/fluid: Violación de segmento
build/fluid/fluid: Violación de segmento
build/fluid/fluid: Violación de segmento
build/fluid/fluid: Violación de segmento
build/fluid/fluid: Violación de segmento
build/fluid/fluid: Violación de segmento
build/fluid/fluid: Violación de segmento
build/fluid/fluid: Violación de segmento
build/fluid/fluid: Violación de segmento
build/fluid/fluid: Violación de segmento
build/fluid/fluid: Violación de segmento
build/fluid/fluid: Violación de segmento
build/fluid/fluid: Violación de segmento
build/fluid/fluid: Violación de segmento
build/fluid/fluid: Violación de segmento
build/fluid/fluid: Violación de segmento
build/fluid/fluid: Violación de segmento
build/fluid/fluid: Violación de segmento
build/fluid/fluid: Violación de segmento
build/fluid/fluid: Violación de segmento
build/fluid/fluid: Violación de segmento
build/fluid/fluid: Violación de segmento
build/fluid/fluid: Violación de segmento
build/fluid/fluid: Violación de segmento
build/fluid/fluid: Violación de segmento
build/fluid/fluid: Violación de segmento
build/fluid/fluid: Violación de segmento
build/fluid/fluid: Violación de segmento
build/fluid/fluid: Violación de segmento
build/fluid/fluid: Violación de segmento
build/fluid/fluid: Violación de segmento
build/fluid/fluid: Violación de segmento
build/fluid/fluid: Violación de segmento
build/fluid/fluid: Violación de segmento
build/fluid/fluid: Violación de segmento
build/fluid/fluid: Violación de segmento
build/fluid/fluid: Violación de segmento
build/fluid/fluid: Violación de segmento
build/fluid/fluid: Violación de segmento
build/fluid/fluid: Violación de segmento
build/fluid/fluid: Violación de segmento
build/fluid/fluid: Violación de segmento
build/fluid/fluid: Violación de segmento
build/fluid/fluid: Violación de segmento
build/fluid/fluid: Violación de segmento
build/fluid/fluid: Violación de segmento
build/fluid/fluid: Violación de segmento
build/fluid/fluid: Violación de segmento
build/fluid/fluid: Violación de segmento
build/fluid/fluid: Violación de segmento
build/fluid/fluid: Violación de segmento
build/fluid/fluid: Violación de segmento
build/fluid/fluid: Violación de segmento
build/fluid/fluid: Violación de segmento
build/fluid/fluid: Violación de segmento
build/fluid/fluid: Violación de segmento
build/fluid/fluid: Violación de segmento
build/fluid/fluid: Violación de segmento
build/fluid/fluid: Violación de segmento
build/fluid/fluid: Violación de segmento
build/fluid/fluid: Violación de segmento
build/fluid/fluid: Violación de segmento
build/fluid/fluid: Violación de segmento
build/fluid/fluid: Violación de segmento
build/fluid/fluid: Violación de segmento
build/fluid/fluid: Violación de segmento
build/fluid/fluid: Violación de segmento
build/fluid/fluid: Violación de segmento
build/fluid/fluid: Violación de segmento
build/fluid/fluid: Violación de segmento
build/fluid/fluid: Violación de segmento
build/fluid/fluid: Violación de segmento
build/fluid/fluid: Violación de segmento
build/fluid/fluid: Violación de segmento
build/fluid/fluid: Violación de segmento
build/fluid/fluid: Violación de segmento
build/fluid/fluid: Violación de segmento
build/fluid/fluid: Violación de segmento
build/fluid/fluid: Violación de segmento
build/fluid/fluid: Violación de segmento
build/fluid/fluid: Violación de segmento
build/fluid/fluid: Violación de segmento
build/fluid/fluid: Violación de segmento
build/fluid/fluid: Violación de segmento
build/fluid/fluid: Violación de segmento
build/fluid/fluid: Violación de segmento
build/fluid/fluid: Violación de segmento
build/fluid/fluid: Violación de segmento
build/fluid/fluid: Violación de segmento
build/fluid/fluid: Violación de segmento
build/fluid/fluid: Violación de segmento
build/fluid/fluid: Violación de segmento

 Performance counter stats for 'build/fluid/fluid 10 res/large.fld res/final.fld' (200 runs):

             16,96 msec task-clock                #    0,768 CPUs utilized            ( +-  0,21% )
                 5      context-switches          #    0,270 K/sec                    ( +-  0,97% )
                 0      cpu-migrations            #    0,003 K/sec                    ( +- 30,90% )
             1.823      page-faults               #    0,107 M/sec                    ( +-  0,54% )
        46.707.436      cycles                    #    2,754 GHz                      ( +-  0,08% )
        63.955.217      instructions              #    1,37  insn per cycle           ( +-  0,05% )
        10.567.136      branches                  #  622,999 M/sec                    ( +-  0,06% )
            74.690      branch-misses             #    0,71% of all branches          ( +-  0,12% )

          0,022075 +- 0,000140 seconds time elapsed  ( +-  0,63% )

