Number of particles: 15138
Particles per meter: 292
Smoothing length: 0.00580479
Particles Mass: 4.01653e-05
Grid size: 22 x 31 x 22
Number of blocks: 15004
Block size: 0.00590909 x 0.00580645 x 0.00590909

 Performance counter stats for 'build/fluid/fluid 250 res/large.fld res/large-temp.fld':

          3.961,55 msec task-clock                #    0,983 CPUs utilized          
                31      context-switches          #    0,008 K/sec                  
                 0      cpu-migrations            #    0,000 K/sec                  
             2.555      page-faults               #    0,645 K/sec                  
    13.003.985.881      cycles                    #    3,283 GHz                    
    28.300.059.317      instructions              #    2,18  insn per cycle         
     3.760.609.716      branches                  #  949,276 M/sec                  
        42.452.307      branch-misses             #    1,13% of all branches        

       4,029170735 seconds time elapsed

       3,962529000 seconds user
       0,000000000 seconds sys


Number of particles: 15138
Particles per meter: 292
Smoothing length: 0.00580479
Particles Mass: 4.01653e-05
Grid size: 22 x 31 x 22
Number of blocks: 15004
Block size: 0.00590909 x 0.00580645 x 0.00590909

 Performance counter stats for 'build/fluid/fluid 500 res/large.fld res/large-temp.fld':

          7.976,35 msec task-clock                #    0,993 CPUs utilized          
                46      context-switches          #    0,006 K/sec                  
                 0      cpu-migrations            #    0,000 K/sec                  
             2.713      page-faults               #    0,340 K/sec                  
    26.120.574.419      cycles                    #    3,275 GHz                    
    56.912.153.776      instructions              #    2,18  insn per cycle         
     7.555.072.917      branches                  #  947,184 M/sec                  
        83.280.099      branch-misses             #    1,10% of all branches        

       8,034398682 seconds time elapsed

       7,973112000 seconds user
       0,004000000 seconds sys


Number of particles: 15138
Particles per meter: 292
Smoothing length: 0.00580479
Particles Mass: 4.01653e-05
Grid size: 22 x 31 x 22
Number of blocks: 15004
Block size: 0.00590909 x 0.00580645 x 0.00590909

 Performance counter stats for 'build/fluid/fluid 750 res/large.fld res/large-temp.fld':

         11.940,57 msec task-clock                #    0,995 CPUs utilized          
                51      context-switches          #    0,004 K/sec                  
                 0      cpu-migrations            #    0,000 K/sec                  
             2.604      page-faults               #    0,218 K/sec                  
    39.177.124.998      cycles                    #    3,281 GHz                    
    85.352.309.618      instructions              #    2,18  insn per cycle         
    11.328.611.778      branches                  #  948,750 M/sec                  
       123.969.261      branch-misses             #    1,09% of all branches        

      11,998072161 seconds time elapsed

      11,937305000 seconds user
       0,004000000 seconds sys


Number of particles: 15138
Particles per meter: 292
Smoothing length: 0.00580479
Particles Mass: 4.01653e-05
Grid size: 22 x 31 x 22
Number of blocks: 15004
Block size: 0.00590909 x 0.00580645 x 0.00590909

 Performance counter stats for 'build/fluid/fluid 1000 res/large.fld res/large-temp.fld':

         15.832,66 msec task-clock                #    0,996 CPUs utilized          
                94      context-switches          #    0,006 K/sec                  
                 2      cpu-migrations            #    0,000 K/sec                  
             2.724      page-faults               #    0,172 K/sec                  
    51.931.107.679      cycles                    #    3,280 GHz                    
   113.608.956.665      instructions              #    2,19  insn per cycle         
    15.079.449.948      branches                  #  952,427 M/sec                  
       165.064.883      branch-misses             #    1,09% of all branches        

      15,890781667 seconds time elapsed

      15,829322000 seconds user
       0,004000000 seconds sys


Number of particles: 15138
Particles per meter: 292
Smoothing length: 0.00580479
Particles Mass: 4.01653e-05
Grid size: 22 x 31 x 22
Number of blocks: 15004
Block size: 0.00590909 x 0.00580645 x 0.00590909

 Performance counter stats for 'build/fluid/fluid 1500 res/large.fld res/large-temp.fld':

         23.857,98 msec task-clock                #    0,997 CPUs utilized          
               137      context-switches          #    0,006 K/sec                  
                 0      cpu-migrations            #    0,000 K/sec                  
             2.611      page-faults               #    0,109 K/sec                  
    78.159.708.374      cycles                    #    3,276 GHz                    
   170.821.992.018      instructions              #    2,19  insn per cycle         
    22.664.933.497      branches                  #  949,994 M/sec                  
       245.862.061      branch-misses             #    1,08% of all branches        

      23,918042220 seconds time elapsed

      23,850699000 seconds user
       0,008000000 seconds sys


Number of particles: 15138
Particles per meter: 292
Smoothing length: 0.00580479
Particles Mass: 4.01653e-05
Grid size: 22 x 31 x 22
Number of blocks: 15004
Block size: 0.00590909 x 0.00580645 x 0.00590909

 Performance counter stats for 'build/fluid/fluid 2000 res/large.fld res/large-temp.fld':

         31.559,74 msec task-clock                #    0,998 CPUs utilized          
                94      context-switches          #    0,003 K/sec                  
                 0      cpu-migrations            #    0,000 K/sec                  
             2.650      page-faults               #    0,084 K/sec                  
   103.692.325.468      cycles                    #    3,286 GHz                    
   227.910.305.351      instructions              #    2,20  insn per cycle         
    30.234.372.067      branches                  #  958,004 M/sec                  
       326.735.179      branch-misses             #    1,08% of all branches        

      31,622935936 seconds time elapsed

      31,556536000 seconds user
       0,004000000 seconds sys


Number of particles: 15138
Particles per meter: 292
Smoothing length: 0.00580479
Particles Mass: 4.01653e-05
Grid size: 22 x 31 x 22
Number of blocks: 15004
Block size: 0.00590909 x 0.00580645 x 0.00590909

 Performance counter stats for 'build/fluid/fluid 2500 res/large.fld res/large-temp.fld':

         39.554,38 msec task-clock                #    0,998 CPUs utilized          
               116      context-switches          #    0,003 K/sec                  
                 1      cpu-migrations            #    0,000 K/sec                  
             2.896      page-faults               #    0,073 K/sec                  
   129.641.332.429      cycles                    #    3,278 GHz                    
   284.948.115.022      instructions              #    2,20  insn per cycle         
    37.797.638.470      branches                  #  955,587 M/sec                  
       408.449.317      branch-misses             #    1,08% of all branches        

      39,615472408 seconds time elapsed

      39,554908000 seconds user
       0,000000000 seconds sys


Number of particles: 15138
Particles per meter: 292
Smoothing length: 0.00580479
Particles Mass: 4.01653e-05
Grid size: 22 x 31 x 22
Number of blocks: 15004
Block size: 0.00590909 x 0.00580645 x 0.00590909

 Performance counter stats for 'system wide':

             22,04 Joules energy-cores                                                
              0,00 Joules  energy-gpu                                                 
             42,13 Joules energy-pkg                                                  
              9,90 Joules energy-ram                                                  

       4,002005791 seconds time elapsed

Number of particles: 15138
Particles per meter: 292
Smoothing length: 0.00580479
Particles Mass: 4.01653e-05
Grid size: 22 x 31 x 22
Number of blocks: 15004
Block size: 0.00590909 x 0.00580645 x 0.00590909

 Performance counter stats for 'system wide':

             44,51 Joules energy-cores                                                
              0,00 Joules  energy-gpu                                                 
             84,82 Joules energy-pkg                                                  
             19,76 Joules energy-ram                                                  

       7,997401097 seconds time elapsed

Number of particles: 15138
Particles per meter: 292
Smoothing length: 0.00580479
Particles Mass: 4.01653e-05
Grid size: 22 x 31 x 22
Number of blocks: 15004
Block size: 0.00590909 x 0.00580645 x 0.00590909

 Performance counter stats for 'system wide':

             66,67 Joules energy-cores                                                
              0,00 Joules  energy-gpu                                                 
            127,03 Joules energy-pkg                                                  
             29,64 Joules energy-ram                                                  

      11,978363255 seconds time elapsed

Number of particles: 15138
Particles per meter: 292
Smoothing length: 0.00580479
Particles Mass: 4.01653e-05
Grid size: 22 x 31 x 22
Number of blocks: 15004
Block size: 0.00590909 x 0.00580645 x 0.00590909

 Performance counter stats for 'system wide':

             89,32 Joules energy-cores                                                
              0,00 Joules  energy-gpu                                                 
            169,97 Joules energy-pkg                                                  
             39,47 Joules energy-ram                                                  

      15,949534941 seconds time elapsed

Number of particles: 15138
Particles per meter: 292
Smoothing length: 0.00580479
Particles Mass: 4.01653e-05
Grid size: 22 x 31 x 22
Number of blocks: 15004
Block size: 0.00590909 x 0.00580645 x 0.00590909

 Performance counter stats for 'system wide':

            133,76 Joules energy-cores                                                
              0,03 Joules  energy-gpu                                                 
            254,63 Joules energy-pkg                                                  
             59,25 Joules energy-ram                                                  

      23,952754648 seconds time elapsed

Number of particles: 15138
Particles per meter: 292
Smoothing length: 0.00580479
Particles Mass: 4.01653e-05
Grid size: 22 x 31 x 22
Number of blocks: 15004
Block size: 0.00590909 x 0.00580645 x 0.00590909

 Performance counter stats for 'system wide':

            178,12 Joules energy-cores                                                
              0,00 Joules  energy-gpu                                                 
            337,77 Joules energy-pkg                                                  
             78,05 Joules energy-ram                                                  

      31,543751618 seconds time elapsed

Number of particles: 15138
Particles per meter: 292
Smoothing length: 0.00580479
Particles Mass: 4.01653e-05
Grid size: 22 x 31 x 22
Number of blocks: 15004
Block size: 0.00590909 x 0.00580645 x 0.00590909

 Performance counter stats for 'system wide':

            222,23 Joules energy-cores                                                
              0,03 Joules  energy-gpu                                                 
            421,50 Joules energy-pkg                                                  
             97,41 Joules energy-ram                                                  

      39,389848720 seconds time elapsed

