Cachegrind
==22768== Cachegrind, a cache and branch-prediction profiler
==22768== Copyright (C) 2002-2017, and GNU GPL'd, by Nicholas Nethercote et al.
==22768== Using Valgrind-3.16.1 and LibVEX; rerun with -h for copyright info
==22768== Command: ./build/fluid/fluid 10 res/large.fld res/final.fld
==22768== 
--22768-- warning: L3 cache found, using its data for the LL simulation.
Number of particles: 15138
Particles per meter: 292
Smoothing length: 0.00580479
Particles Mass: 4.01653e-05
Grid size: 22 x 31 x 22
Number of blocks: 15004
Block size: 0.00590909 x 0.00580645 x 0.00590909
==22768== 
==22768== I   refs:      49,587,075
==22768== I1  misses:         3,192
==22768== LLi misses:         2,675
==22768== I1  miss rate:       0.01%
==22768== LLi miss rate:       0.01%
==22768== 
==22768== D   refs:      31,112,048  (17,642,595 rd   + 13,469,453 wr)
==22768== D1  misses:       324,906  (   174,824 rd   +    150,082 wr)
==22768== LLd misses:       110,120  (     9,780 rd   +    100,340 wr)
==22768== D1  miss rate:        1.0% (       1.0%     +        1.1%  )
==22768== LLd miss rate:        0.4% (       0.1%     +        0.7%  )
==22768== 
==22768== LL refs:          328,098  (   178,016 rd   +    150,082 wr)
==22768== LL misses:        112,795  (    12,455 rd   +    100,340 wr)
==22768== LL miss rate:         0.1% (       0.0%     +        0.7%  )
